<?xml version="1.0" encoding="UTF-8"?>
<!-- Generated by org.testng.reporters.JUnitReportReporter -->
<testsuite hostname="Syeds-MacBook-Pro.local" failures="0" tests="1" name="com.sample.test.demo.tests.DemoTest" time="0.004" errors="0" timestamp="04 Jan 2021 18:18:06 GMT" skipped="0">
  <testcase classname="com.sample.test.demo.tests.DemoTest" name="demoTest" time="0.004"/>
</testsuite> <!-- com.sample.test.demo.tests.DemoTest -->
